[debug] [2026-05-02T15:56:17.387Z] ----------------------------------------------------------------------
[debug] [2026-05-02T15:56:17.388Z] Command:       /opt/homebrew/Cellar/node/25.9.0_1/bin/node /Users/saurabhj_ambure/.npm/_npx/7750544ccf494d8b/node_modules/.bin/firebase init --project india-election-guide
[debug] [2026-05-02T15:56:17.389Z] CLI Version:   15.16.0
[debug] [2026-05-02T15:56:17.389Z] Platform:      darwin
[debug] [2026-05-02T15:56:17.389Z] Node Version:  v25.9.0
[debug] [2026-05-02T15:56:17.389Z] Time:          Sat May 02 2026 21:26:17 GMT+0530 (India Standard Time)
[debug] [2026-05-02T15:56:17.389Z] ----------------------------------------------------------------------
[debug] 
[debug] [2026-05-02T15:56:17.390Z] >>> [apiv2][query] GET https://firebase-public.firebaseio.com/cli.json [none]
[info] 
     ######## #### ########  ######## ########     ###     ######  ########
     ##        ##  ##     ## ##       ##     ##  ##   ##  ##       ##
     ######    ##  ########  ######   ########  #########  ######  ######
     ##        ##  ##    ##  ##       ##     ## ##     ##       ## ##
     ##       #### ##     ## ######## ########  ##     ##  ######  ########

You're about to initialize a Firebase project in this directory:

  /Users/saurabhj_ambure/Documents/IndiaElection_H2S/india-election-guide

Before we get started, keep in mind:

  * You are initializing within an existing Firebase project directory

[debug] [2026-05-02T15:56:19.211Z] <<< [apiv2][status] GET https://firebase-public.firebaseio.com/cli.json 200
[debug] [2026-05-02T15:56:19.211Z] <<< [apiv2][body] GET https://firebase-public.firebaseio.com/cli.json {"cloudBuildErrorAfter":1594252800000,"cloudBuildWarnAfter":1590019200000,"defaultNode10After":1594252800000,"minVersion":"3.0.5","node8DeploysDisabledAfter":1613390400000,"node8RuntimeDisabledAfter":1615809600000,"node8WarnAfter":1600128000000}
